DEBUG - http://www.chinamoney.com.cn/fe-c/historyParity.do?startDate=2016-05-21&endDate=2016-06-20
DEBUG - 标题日期
DEBUG - 标题USD/CNY
DEBUG - 标题EUR/CNY
DEBUG - 标题100JPY/CNY
DEBUG - 标题HKD/CNY
DEBUG - 标题GBP/CNY
DEBUG - 标题AUD/CNY
DEBUG - 标题NZD/CNY
DEBUG - 标题SGD/CNY
DEBUG - 标题CHF/CNY
DEBUG - 标题CAD/CNY
DEBUG - 标题CNY/MYR
DEBUG - 标题CNY/RUB
DEBUG - 标题CNY/ZAR
DEBUG - 日期：2016-06-20
DEBUG - 添加汇率：6.5708
DEBUG - 添加汇率：7.4563
DEBUG - 添加汇率：6.2811
DEBUG - 添加汇率：0.84679
DEBUG - 添加汇率：9.5479
DEBUG - 添加汇率：4.8805
DEBUG - 添加汇率：4.6532
DEBUG - 添加汇率：4.8853
DEBUG - 添加汇率：6.8477
DEBUG - 添加汇率：5.1147
DEBUG - 添加汇率：0.61977
DEBUG - 添加汇率：9.8370
DEBUG - 添加汇率：2.2928
DEBUG - 日期：2016-06-17
DEBUG - 添加汇率：6.5795
DEBUG - 添加汇率：7.4038
DEBUG - 添加汇率：6.2913
DEBUG - 添加汇率：0.84799
DEBUG - 添加汇率：9.3732
DEBUG - 添加汇率：4.8554
DEBUG - 添加汇率：4.6413
DEBUG - 添加汇率：4.8808
DEBUG - 添加汇率：6.8179
DEBUG - 添加汇率：5.0929
DEBUG - 添加汇率：0.62141
DEBUG - 添加汇率：9.9797
DEBUG - 添加汇率：---
DEBUG - 日期：2016-06-16
DEBUG - 添加汇率：6.5739
DEBUG - 添加汇率：7.4131
DEBUG - 添加汇率：6.2177
DEBUG - 添加汇率：0.84715
DEBUG - 添加汇率：9.3331
DEBUG - 添加汇率：4.8772
DEBUG - 添加汇率：4.6541
DEBUG - 添加汇率：4.8684
DEBUG - 添加汇率：6.8435
DEBUG - 添加汇率：5.0953
DEBUG - 添加汇率：0.62005
DEBUG - 添加汇率：9.9612
DEBUG - 添加汇率：---
DEBUG - 日期：2016-06-15
DEBUG - 添加汇率：6.6001
DEBUG - 添加汇率：7.3975
DEBUG - 添加汇率：6.2298
DEBUG - 添加汇率：0.85036
DEBUG - 添加汇率：9.3224
DEBUG - 添加汇率：4.8530
DEBUG - 添加汇率：4.6107
DEBUG - 添加汇率：4.8689
DEBUG - 添加汇率：6.8563
DEBUG - 添加汇率：5.1295
DEBUG - 添加汇率：0.61981
DEBUG - 添加汇率：10.0161
DEBUG - 添加汇率：---
DEBUG - 日期：2016-06-14
DEBUG - 添加汇率：6.5791
DEBUG - 添加汇率：7.4307
DEBUG - 添加汇率：6.1851
DEBUG - 添加汇率：0.84751
DEBUG - 添加汇率：9.3572
DEBUG - 添加汇率：4.8533
DEBUG - 添加汇率：4.6148
DEBUG - 添加汇率：4.8494
DEBUG - 添加汇率：6.8282
DEBUG - 添加汇率：5.1287
DEBUG - 添加汇率：0.61826
DEBUG - 添加汇率：9.9476
DEBUG - 添加汇率：---
DEBUG - 日期：2016-06-13
DEBUG - 添加汇率：6.5805
DEBUG - 添加汇率：7.4048
DEBUG - 添加汇率：6.1817
DEBUG - 添加汇率：0.84767
DEBUG - 添加汇率：9.3602
DEBUG - 添加汇率：4.8584
DEBUG - 添加汇率：4.6465
DEBUG - 添加汇率：4.8387
DEBUG - 添加汇率：6.8305
DEBUG - 添加汇率：5.1483
DEBUG - 添加汇率：0.61759
DEBUG - 添加汇率：9.9088
DEBUG - 添加汇率：---
DEBUG - 日期：2016-06-08
DEBUG - 添加汇率：6.5593
DEBUG - 添加汇率：7.4503
DEBUG - 添加汇率：6.1207
DEBUG - 添加汇率：0.84458
DEBUG - 添加汇率：9.5366
DEBUG - 添加汇率：4.8845
DEBUG - 添加汇率：4.5691
DEBUG - 添加汇率：4.8533
DEBUG - 添加汇率：6.7978
DEBUG - 添加汇率：5.1474
DEBUG - 添加汇率：0.61724
DEBUG - 添加汇率：9.8471
DEBUG - 添加汇率：---
DEBUG - 日期：2016-06-07
DEBUG - 添加汇率：6.5618
DEBUG - 添加汇率：7.4499
DEBUG - 添加汇率：6.1101
DEBUG - 添加汇率：0.84476
DEBUG - 添加汇率：9.4873
DEBUG - 添加汇率：4.8360
DEBUG - 添加汇率：4.5321
DEBUG - 添加汇率：4.8378
DEBUG - 添加汇率：6.7633
DEBUG - 添加汇率：5.1204
DEBUG - 添加汇率：0.61971
DEBUG - 添加汇率：9.9776
DEBUG - 添加汇率：---
DEBUG - 日期：2016-06-06
DEBUG - 添加汇率：6.5497
DEBUG - 添加汇率：7.4377
DEBUG - 添加汇率：6.1406
DEBUG - 添加汇率：0.84316
DEBUG - 添加汇率：9.4281
DEBUG - 添加汇率：4.8068
DEBUG - 添加汇率：4.5419
DEBUG - 添加汇率：4.8220
DEBUG - 添加汇率：6.7069
DEBUG - 添加汇率：5.0511
DEBUG - 添加汇率：0.62549
DEBUG - 添加汇率：10.0379
DEBUG - 添加汇率：---
DEBUG - 日期：2016-06-03
DEBUG - 添加汇率：6.5793
DEBUG - 添加汇率：7.3347
DEBUG - 添加汇率：6.0431
DEBUG - 添加汇率：0.84678
DEBUG - 添加汇率：9.4830
DEBUG - 添加汇率：4.7532
DEBUG - 添加汇率：4.4807
DEBUG - 添加汇率：4.7831
DEBUG - 添加汇率：6.6438
DEBUG - 添加汇率：5.0254
DEBUG - 添加汇率：0.62884
DEBUG - 添加汇率：10.1536
DEBUG - 添加汇率：---
DEBUG - 日期：2016-06-02
DEBUG - 添加汇率：6.5688
DEBUG - 添加汇率：7.3550
DEBUG - 添加汇率：6.0060
DEBUG - 添加汇率：0.84545
DEBUG - 添加汇率：9.4706
DEBUG - 添加汇率：4.7611
DEBUG - 添加汇率：4.4797
DEBUG - 添加汇率：4.7729
DEBUG - 添加汇率：6.6491
DEBUG - 添加汇率：5.0251
DEBUG - 添加汇率：0.62965
DEBUG - 添加汇率：10.1924
DEBUG - 添加汇率：---
DEBUG - 日期：2016-06-01
DEBUG - 添加汇率：6.5889
DEBUG - 添加汇率：7.3308
DEBUG - 添加汇率：5.9543
DEBUG - 添加汇率：0.84789
DEBUG - 添加汇率：9.5369
DEBUG - 添加汇率：4.7690
DEBUG - 添加汇率：4.4707
DEBUG - 添加汇率：4.7803
DEBUG - 添加汇率：6.6311
DEBUG - 添加汇率：5.0355
DEBUG - 添加汇率：0.62341
DEBUG - 添加汇率：10.1050
DEBUG - 添加汇率：---
DEBUG - 日期：2016-05-31
DEBUG - 添加汇率：6.5790
DEBUG - 添加汇率：7.3318
DEBUG - 添加汇率：5.9320
DEBUG - 添加汇率：0.84685
DEBUG - 添加汇率：9.6326
DEBUG - 添加汇率：4.7315
DEBUG - 添加汇率：4.4126
DEBUG - 添加汇率：4.7677
DEBUG - 添加汇率：6.6346
DEBUG - 添加汇率：5.0441
DEBUG - 添加汇率：0.62319
DEBUG - 添加汇率：9.9749
DEBUG - 添加汇率：---
DEBUG - 日期：2016-05-30
DEBUG - 添加汇率：6.5784
DEBUG - 添加汇率：7.3015
DEBUG - 添加汇率：5.9365
DEBUG - 添加汇率：0.84700
DEBUG - 添加汇率：9.6156
DEBUG - 添加汇率：4.7216
DEBUG - 添加汇率：4.4020
DEBUG - 添加汇率：4.7639
DEBUG - 添加汇率：6.6134
DEBUG - 添加汇率：5.0328
DEBUG - 添加汇率：0.61926
DEBUG - 添加汇率：10.1117
DEBUG - 添加汇率：---
DEBUG - 日期：2016-05-27
DEBUG - 添加汇率：6.5490
DEBUG - 添加汇率：7.3334
DEBUG - 添加汇率：5.9706
DEBUG - 添加汇率：0.84331
DEBUG - 添加汇率：9.6059
DEBUG - 添加汇率：4.7328
DEBUG - 添加汇率：4.4216
DEBUG - 添加汇率：4.7719
DEBUG - 添加汇率：6.6232
DEBUG - 添加汇率：5.0470
DEBUG - 添加汇率：0.61918
DEBUG - 添加汇率：10.0469
DEBUG - 添加汇率：---
DEBUG - 日期：2016-05-26
DEBUG - 添加汇率：6.5552
DEBUG - 添加汇率：7.3180
DEBUG - 添加汇率：5.9597
DEBUG - 添加汇率：0.84432
DEBUG - 添加汇率：9.6368
DEBUG - 添加汇率：4.7097
DEBUG - 添加汇率：4.3981
DEBUG - 添加汇率：4.7596
DEBUG - 添加汇率：6.6166
DEBUG - 添加汇率：5.0339
DEBUG - 添加汇率：0.62246
DEBUG - 添加汇率：9.9795
DEBUG - 添加汇率：---
DEBUG - 日期：2016-05-25
DEBUG - 添加汇率：6.5693
DEBUG - 添加汇率：7.3118
DEBUG - 添加汇率：5.9662
DEBUG - 添加汇率：0.84577
DEBUG - 添加汇率：9.5998
DEBUG - 添加汇率：4.7238
DEBUG - 添加汇率：4.4333
DEBUG - 添加汇率：4.7531
DEBUG - 添加汇率：6.6145
DEBUG - 添加汇率：5.0082
DEBUG - 添加汇率：0.62345
DEBUG - 添加汇率：10.0905
DEBUG - 添加汇率：---
DEBUG - 日期：2016-05-24
DEBUG - 添加汇率：6.5468
DEBUG - 添加汇率：7.3424
DEBUG - 添加汇率：5.9900
DEBUG - 添加汇率：0.84291
DEBUG - 添加汇率：9.4811
DEBUG - 添加汇率：4.7249
DEBUG - 添加汇率：4.4187
DEBUG - 添加汇率：4.7497
DEBUG - 添加汇率：6.6165
DEBUG - 添加汇率：4.9789
DEBUG - 添加汇率：0.62213
DEBUG - 添加汇率：10.1754
DEBUG - 添加汇率：---
DEBUG - 日期：2016-05-23
DEBUG - 添加汇率：6.5455
DEBUG - 添加汇率：7.3471
DEBUG - 添加汇率：5.9488
DEBUG - 添加汇率：0.84270
DEBUG - 添加汇率：9.4875
DEBUG - 添加汇率：4.7328
DEBUG - 添加汇率：4.4316
DEBUG - 添加汇率：4.7443
DEBUG - 添加汇率：6.6075
DEBUG - 添加汇率：4.9926
DEBUG - 添加汇率：0.62039
DEBUG - 添加汇率：10.1942
DEBUG - 添加汇率：---
